{
"contracts/ERC20WithSanctions.sol":{"l":{},"path":"/home/santiagotrujilloz/Metana/Week1/contracts/ERC20WithSanctions.sol","s":{},"b":{},"f":{},"fnMap":{},"statementMap":{},"branchMap":{}},
"contracts/GodMode.sol":{"l":{},"path":"/home/santiagotrujilloz/Metana/Week1/contracts/GodMode.sol","s":{},"b":{},"f":{},"fnMap":{},"statementMap":{},"branchMap":{}},
"contracts/PartialRefund.sol":{"l":{"11":33,"16":1007,"17":1006,"18":1005,"23":5,"24":3,"25":3,"38":2,"39":2,"40":2,"41":2,"42":1,"43":1},"path":"/home/santiagotrujilloz/Metana/Week1/contracts/PartialRefund.sol","s":{"1":1007,"2":1006,"3":1005,"4":5,"5":3,"6":3,"7":2,"8":2,"9":2,"10":2,"11":1,"12":1},"b":{"1":[1006,1],"2":[1005,1],"3":[3,2],"4":[2,0],"5":[1,1]},"f":{"1":33,"2":1007,"3":5,"4":2},"fnMap":{"1":{"name":"constructor","line":10,"loc":{"start":{"line":10,"column":4},"end":{"line":12,"column":4}}},"2":{"name":"preSale","line":15,"loc":{"start":{"line":15,"column":4},"end":{"line":19,"column":4}}},"3":{"name":"withdrawFunds","line":22,"loc":{"start":{"line":22,"column":4},"end":{"line":26,"column":4}}},"4":{"name":"sellBack","line":37,"loc":{"start":{"line":37,"column":4},"end":{"line":44,"column":4}}}},"statementMap":{"1":{"start":{"line":16,"column":8},"end":{"line":16,"column":63}},"2":{"start":{"line":17,"column":8},"end":{"line":17,"column":85}},"3":{"start":{"line":18,"column":8},"end":{"line":18,"column":45}},"4":{"start":{"line":23,"column":8},"end":{"line":23,"column":67}},"5":{"start":{"line":24,"column":8},"end":{"line":24,"column":80}},"6":{"start":{"line":25,"column":8},"end":{"line":25,"column":22}},"7":{"start":{"line":38,"column":8},"end":{"line":38,"column":39}},"8":{"start":{"line":39,"column":8},"end":{"line":39,"column":53}},"9":{"start":{"line":40,"column":8},"end":{"line":40,"column":55}},"10":{"start":{"line":41,"column":8},"end":{"line":41,"column":101}},"11":{"start":{"line":42,"column":8},"end":{"line":42,"column":80}},"12":{"start":{"line":43,"column":8},"end":{"line":43,"column":22}}},"branchMap":{"1":{"line":16,"type":"if","locations":[{"start":{"line":16,"column":8},"end":{"line":16,"column":8}},{"start":{"line":16,"column":8},"end":{"line":16,"column":8}}]},"2":{"line":17,"type":"if","locations":[{"start":{"line":17,"column":8},"end":{"line":17,"column":8}},{"start":{"line":17,"column":8},"end":{"line":17,"column":8}}]},"3":{"line":23,"type":"if","locations":[{"start":{"line":23,"column":8},"end":{"line":23,"column":8}},{"start":{"line":23,"column":8},"end":{"line":23,"column":8}}]},"4":{"line":38,"type":"if","locations":[{"start":{"line":38,"column":8},"end":{"line":38,"column":8}},{"start":{"line":38,"column":8},"end":{"line":38,"column":8}}]},"5":{"line":41,"type":"if","locations":[{"start":{"line":41,"column":8},"end":{"line":41,"column":8}},{"start":{"line":41,"column":8},"end":{"line":41,"column":8}}]}}},
"contracts/TokenSale.sol":{"l":{},"path":"/home/santiagotrujilloz/Metana/Week1/contracts/TokenSale.sol","s":{},"b":{},"f":{},"fnMap":{},"statementMap":{},"branchMap":{}}}
