TN:
SF:/home/santiagotrujilloz/Metana/Week1/contracts/ERC20WithSanctions.sol
FNF:0
FNH:0
LF:0
LH:0
BRF:0
BRH:0
end_of_record
TN:
SF:/home/santiagotrujilloz/Metana/Week1/contracts/GodMode.sol
FNF:0
FNH:0
LF:0
LH:0
BRF:0
BRH:0
end_of_record
TN:
SF:/home/santiagotrujilloz/Metana/Week1/contracts/PartialRefund.sol
FN:10,constructor
FN:15,preSale
FN:22,withdrawFunds
FN:37,sellBack
FNF:4
FNH:4
FNDA:33,constructor
FNDA:1007,preSale
FNDA:5,withdrawFunds
FNDA:2,sellBack
DA:11,33
DA:16,1007
DA:17,1006
DA:18,1005
DA:23,5
DA:24,3
DA:25,3
DA:38,2
DA:39,2
DA:40,2
DA:41,2
DA:42,1
DA:43,1
LF:13
LH:13
BRDA:16,1,0,1006
BRDA:16,1,1,1
BRDA:17,2,0,1005
BRDA:17,2,1,1
BRDA:23,3,0,3
BRDA:23,3,1,2
BRDA:38,4,0,2
BRDA:38,4,1,0
BRDA:41,5,0,1
BRDA:41,5,1,1
BRF:10
BRH:9
end_of_record
TN:
SF:/home/santiagotrujilloz/Metana/Week1/contracts/TokenSale.sol
FNF:0
FNH:0
LF:0
LH:0
BRF:0
BRH:0
end_of_record
