{
"contracts\\BigNumbers.sol":{"l":{"11":6,"15":1,"20":2},"path":"C:\\Users\\STZTR\\Desktop\\Blockchain\\Metana\\Week4\\contracts\\BigNumbers.sol","s":{"1":2},"b":{},"f":{"1":6,"2":1,"3":2},"fnMap":{"1":{"name":"constructor","line":10,"loc":{"start":{"line":10,"column":4},"end":{"line":12,"column":4}}},"2":{"name":"setToTheMax","line":14,"loc":{"start":{"line":14,"column":4},"end":{"line":17,"column":4}}},"3":{"name":"getNumber","line":19,"loc":{"start":{"line":19,"column":4},"end":{"line":21,"column":4}}}},"statementMap":{"1":{"start":{"line":20,"column":8},"end":{"line":20,"column":21}}},"branchMap":{}},
"contracts\\Commit.sol":{"l":{"12":3,"13":2,"15":2,"16":2,"20":3,"21":2,"22":1,"23":1,"24":1,"26":0},"path":"C:\\Users\\STZTR\\Desktop\\Blockchain\\Metana\\Week4\\contracts\\Commit.sol","s":{"1":3,"2":2,"3":2,"4":3,"5":2,"6":1,"7":1,"8":1,"9":0},"b":{"1":[2,1],"2":[2,0],"3":[2,0],"4":[2,1],"5":[1,1],"6":[1,0]},"f":{"1":3,"2":3},"fnMap":{"1":{"name":"gambleOnTheBlockNumber","line":11,"loc":{"start":{"line":11,"column":4},"end":{"line":17,"column":4}}},"2":{"name":"claimWinning","line":19,"loc":{"start":{"line":19,"column":4},"end":{"line":27,"column":4}}}},"statementMap":{"1":{"start":{"line":12,"column":8},"end":{"line":12,"column":66}},"2":{"start":{"line":13,"column":8},"end":{"line":13,"column":89}},"3":{"start":{"line":15,"column":8},"end":{"line":15,"column":132}},"4":{"start":{"line":20,"column":8},"end":{"line":20,"column":120}},"5":{"start":{"line":21,"column":8},"end":{"line":21,"column":128}},"6":{"start":{"line":22,"column":8},"end":{"line":22,"column":1081}},"7":{"start":{"line":23,"column":12},"end":{"line":23,"column":48}},"8":{"start":{"line":24,"column":12},"end":{"line":24,"column":23}},"9":{"start":{"line":26,"column":8},"end":{"line":26,"column":20}}},"branchMap":{"1":{"line":12,"type":"if","locations":[{"start":{"line":12,"column":8},"end":{"line":12,"column":8}},{"start":{"line":12,"column":8},"end":{"line":12,"column":8}}]},"2":{"line":13,"type":"if","locations":[{"start":{"line":13,"column":8},"end":{"line":13,"column":8}},{"start":{"line":13,"column":8},"end":{"line":13,"column":8}}]},"3":{"line":15,"type":"if","locations":[{"start":{"line":15,"column":8},"end":{"line":15,"column":8}},{"start":{"line":15,"column":8},"end":{"line":15,"column":8}}]},"4":{"line":20,"type":"if","locations":[{"start":{"line":20,"column":8},"end":{"line":20,"column":8}},{"start":{"line":20,"column":8},"end":{"line":20,"column":8}}]},"5":{"line":21,"type":"if","locations":[{"start":{"line":21,"column":8},"end":{"line":21,"column":8}},{"start":{"line":21,"column":8},"end":{"line":21,"column":8}}]},"6":{"line":22,"type":"if","locations":[{"start":{"line":22,"column":8},"end":{"line":22,"column":8}},{"start":{"line":22,"column":8},"end":{"line":22,"column":8}}]}}},
"contracts\\Events.sol":{"l":{"10":1,"14":1},"path":"C:\\Users\\STZTR\\Desktop\\Blockchain\\Metana\\Week4\\contracts\\Events.sol","s":{"1":1,"2":1},"b":{},"f":{"1":1,"2":1},"fnMap":{"1":{"name":"firstEvent","line":9,"loc":{"start":{"line":9,"column":4},"end":{"line":11,"column":4}}},"2":{"name":"secondEvent","line":13,"loc":{"start":{"line":13,"column":4},"end":{"line":15,"column":4}}}},"statementMap":{"1":{"start":{"line":10,"column":8},"end":{"line":10,"column":30}},"2":{"start":{"line":14,"column":8},"end":{"line":14,"column":21}}},"branchMap":{}},
"contracts\\ExternalReturn.sol":{"l":{"10":18,"11":18,"15":3,"16":2,"17":2,"19":2,"24":4},"path":"C:\\Users\\STZTR\\Desktop\\Blockchain\\Metana\\Week4\\contracts\\ExternalReturn.sol","s":{"1":3,"2":2,"3":4},"b":{"1":[2,1]},"f":{"1":18,"2":3,"3":4},"fnMap":{"1":{"name":"constructor","line":9,"loc":{"start":{"line":9,"column":4},"end":{"line":12,"column":4}}},"2":{"name":"transfer","line":14,"loc":{"start":{"line":14,"column":4},"end":{"line":21,"column":4}}},"3":{"name":"getBalance","line":23,"loc":{"start":{"line":23,"column":4},"end":{"line":25,"column":4}}}},"statementMap":{"1":{"start":{"line":15,"column":8},"end":{"line":15,"column":59}},"2":{"start":{"line":19,"column":8},"end":{"line":19,"column":19}},"3":{"start":{"line":24,"column":8},"end":{"line":24,"column":32}}},"branchMap":{"1":{"line":15,"type":"if","locations":[{"start":{"line":15,"column":8},"end":{"line":15,"column":8}},{"start":{"line":15,"column":8},"end":{"line":15,"column":8}}]}}},
"contracts\\PayableFn.sol":{"l":{"9":2,"13":2,"14":1,"15":1,"17":1,"18":1},"path":"C:\\Users\\STZTR\\Desktop\\Blockchain\\Metana\\Week4\\contracts\\PayableFn.sol","s":{"1":2,"2":1,"3":1,"4":1},"b":{"1":[1,1]},"f":{"1":2,"2":2},"fnMap":{"1":{"name":"deposit","line":8,"loc":{"start":{"line":8,"column":4},"end":{"line":10,"column":4}}},"2":{"name":"withdraw","line":12,"loc":{"start":{"line":12,"column":4},"end":{"line":19,"column":4}}}},"statementMap":{"1":{"start":{"line":13,"column":8},"end":{"line":13,"column":71}},"2":{"start":{"line":14,"column":8},"end":{"line":14,"column":50}},"3":{"start":{"line":17,"column":8},"end":{"line":17,"column":78}},"4":{"start":{"line":18,"column":8},"end":{"line":18,"column":22}}},"branchMap":{"1":{"line":13,"type":"if","locations":[{"start":{"line":13,"column":8},"end":{"line":13,"column":8}},{"start":{"line":13,"column":8},"end":{"line":13,"column":8}}]}}},
"contracts\\Staking.sol":{"l":{"16":3,"17":3,"18":3,"23":3,"24":2,"25":1,"26":1,"27":1,"28":1},"path":"C:\\Users\\STZTR\\Desktop\\Blockchain\\Metana\\Week4\\contracts\\Staking.sol","s":{"1":3,"2":3,"3":2,"4":1,"5":1,"6":1},"b":{"1":[3,0],"2":[2,1],"3":[1,1]},"f":{"1":3,"2":3},"fnMap":{"1":{"name":"deposit","line":15,"loc":{"start":{"line":15,"column":4},"end":{"line":20,"column":4}}},"2":{"name":"withdraw","line":22,"loc":{"start":{"line":22,"column":4},"end":{"line":29,"column":4}}}},"statementMap":{"1":{"start":{"line":16,"column":8},"end":{"line":16,"column":57}},"2":{"start":{"line":23,"column":8},"end":{"line":23,"column":101}},"3":{"start":{"line":24,"column":8},"end":{"line":24,"column":134}},"4":{"start":{"line":25,"column":8},"end":{"line":25,"column":58}},"5":{"start":{"line":26,"column":8},"end":{"line":26,"column":76}},"6":{"start":{"line":28,"column":8},"end":{"line":28,"column":22}}},"branchMap":{"1":{"line":16,"type":"if","locations":[{"start":{"line":16,"column":8},"end":{"line":16,"column":8}},{"start":{"line":16,"column":8},"end":{"line":16,"column":8}}]},"2":{"line":23,"type":"if","locations":[{"start":{"line":23,"column":8},"end":{"line":23,"column":8}},{"start":{"line":23,"column":8},"end":{"line":23,"column":8}}]},"3":{"line":24,"type":"if","locations":[{"start":{"line":24,"column":8},"end":{"line":24,"column":8}},{"start":{"line":24,"column":8},"end":{"line":24,"column":8}}]}}}}
