TN:
SF:C:\Users\STZTR\Desktop\Blockchain\Metana\Week4\contracts\BigNumbers.sol
FN:10,constructor
FN:14,setToTheMax
FN:19,getNumber
FNF:3
FNH:3
FNDA:6,constructor
FNDA:1,setToTheMax
FNDA:2,getNumber
DA:11,6
DA:15,1
DA:20,2
LF:3
LH:3
BRF:0
BRH:0
end_of_record
TN:
SF:C:\Users\STZTR\Desktop\Blockchain\Metana\Week4\contracts\Commit.sol
FN:11,gambleOnTheBlockNumber
FN:19,claimWinning
FNF:2
FNH:2
FNDA:3,gambleOnTheBlockNumber
FNDA:3,claimWinning
DA:12,3
DA:13,2
DA:15,2
DA:16,2
DA:20,3
DA:21,2
DA:22,1
DA:23,1
DA:24,1
DA:26,0
LF:10
LH:9
BRDA:12,1,0,2
BRDA:12,1,1,1
BRDA:13,2,0,2
BRDA:13,2,1,0
BRDA:15,3,0,2
BRDA:15,3,1,0
BRDA:20,4,0,2
BRDA:20,4,1,1
BRDA:21,5,0,1
BRDA:21,5,1,1
BRDA:22,6,0,1
BRDA:22,6,1,0
BRF:12
BRH:9
end_of_record
TN:
SF:C:\Users\STZTR\Desktop\Blockchain\Metana\Week4\contracts\Events.sol
FN:9,firstEvent
FN:13,secondEvent
FNF:2
FNH:2
FNDA:1,firstEvent
FNDA:1,secondEvent
DA:10,1
DA:14,1
LF:2
LH:2
BRF:0
BRH:0
end_of_record
TN:
SF:C:\Users\STZTR\Desktop\Blockchain\Metana\Week4\contracts\ExternalReturn.sol
FN:9,constructor
FN:14,transfer
FN:23,getBalance
FNF:3
FNH:3
FNDA:18,constructor
FNDA:3,transfer
FNDA:4,getBalance
DA:10,18
DA:11,18
DA:15,3
DA:16,2
DA:17,2
DA:19,2
DA:24,4
LF:7
LH:7
BRDA:15,1,0,2
BRDA:15,1,1,1
BRF:2
BRH:2
end_of_record
TN:
SF:C:\Users\STZTR\Desktop\Blockchain\Metana\Week4\contracts\PayableFn.sol
FN:8,deposit
FN:12,withdraw
FNF:2
FNH:2
FNDA:2,deposit
FNDA:2,withdraw
DA:9,2
DA:13,2
DA:14,1
DA:15,1
DA:17,1
DA:18,1
LF:6
LH:6
BRDA:13,1,0,1
BRDA:13,1,1,1
BRF:2
BRH:2
end_of_record
TN:
SF:C:\Users\STZTR\Desktop\Blockchain\Metana\Week4\contracts\Staking.sol
FN:15,deposit
FN:22,withdraw
FNF:2
FNH:2
FNDA:3,deposit
FNDA:3,withdraw
DA:16,3
DA:17,3
DA:18,3
DA:23,3
DA:24,2
DA:25,1
DA:26,1
DA:27,1
DA:28,1
LF:9
LH:9
BRDA:16,1,0,3
BRDA:16,1,1,0
BRDA:23,2,0,2
BRDA:23,2,1,1
BRDA:24,3,0,1
BRDA:24,3,1,1
BRF:6
BRH:5
end_of_record
