TN:
SF:/home/santiagotrujilloz/Metana/Week3/erc1155-multitoken/contracts/Forging.sol
FN:20,constructor
FN:27,mintBatchToken
FN:48,forgeTokens
FN:86,_burnAndMint
FN:102,tradeTokens
FNF:5
FNH:5
FNDA:48,constructor
FNDA:7,mintBatchToken
FNDA:11,forgeTokens
FNDA:10,_burnAndMint
FNDA:7,tradeTokens
DA:21,48
DA:28,7
DA:29,6
DA:33,5
DA:34,5
DA:49,11
DA:50,11
DA:52,21
DA:53,21
DA:54,21
DA:58,11
DA:59,4
DA:61,3
DA:64,1
DA:67,7
DA:69,2
DA:73,2
DA:77,2
DA:81,1
DA:92,10
DA:93,10
DA:103,7
DA:104,3
DA:106,4
DA:107,3
LF:25
LH:25
BRDA:28,1,0,6
BRDA:28,1,1,1
BRDA:29,2,0,5
BRDA:29,2,1,1
BRDA:58,3,0,4
BRDA:58,3,1,7
BRDA:59,4,0,3
BRDA:59,4,1,1
BRDA:67,5,0,2
BRDA:67,5,1,5
BRDA:71,6,0,2
BRDA:71,6,1,3
BRDA:75,7,0,2
BRDA:75,7,1,1
BRDA:103,8,0,3
BRDA:103,8,1,4
BRDA:103,9,0,2
BRDA:103,9,1,1
BRF:18
BRH:18
end_of_record
TN:
SF:/home/santiagotrujilloz/Metana/Week3/erc1155-multitoken/contracts/MultiToken.sol
FN:23,constructor
FN:32,onlyMinter
FN:44,setURI
FN:48,uri
FN:53,setMinter
FN:60,mint
FN:65,mintBatch
FN:70,burnBatch
FN:75,burn
FNF:9
FNH:9
FNDA:48,constructor
FNDA:37,onlyMinter
FNDA:2,setURI
FNDA:1,uri
FNDA:8,setMinter
FNDA:13,mint
FNDA:5,mintBatch
FNDA:11,burnBatch
FNDA:4,burn
DA:33,37
DA:34,33
DA:45,2
DA:49,1
DA:54,8
DA:55,8
DA:56,8
DA:61,13
DA:66,5
DA:71,11
DA:76,4
LF:11
LH:11
BRDA:33,1,0,33
BRDA:33,1,1,4
BRDA:44,2,0,2
BRDA:44,2,1,1
BRDA:53,3,0,8
BRDA:53,3,1,1
BRDA:54,4,0,8
BRDA:54,4,1,0
BRDA:60,5,0,13
BRDA:60,5,1,1
BRDA:65,6,0,5
BRDA:65,6,1,1
BRDA:70,7,0,11
BRDA:70,7,1,1
BRDA:75,8,0,4
BRDA:75,8,1,1
BRF:16
BRH:15
end_of_record
