{"contracts/Forging.sol":{"l":{"21":48,"28":7,"29":6,"33":5,"34":5,"49":11,"50":11,"52":21,"53":21,"54":21,"58":11,"59":4,"61":3,"64":1,"67":7,"69":2,"73":2,"77":2,"81":1,"92":10,"93":10,"103":7,"104":3,"106":4,"107":3},"path":"/home/santiagotrujilloz/Metana/Week3/erc1155-multitoken/contracts/Forging.sol","s":{"1":7,"2":6,"3":5,"4":11,"5":11,"6":21,"7":11,"8":4,"9":3,"10":1,"11":7,"12":2,"13":5,"14":2,"15":3,"16":2,"17":1,"18":10,"19":10,"20":7,"21":3,"22":4,"23":3},"b":{"1":[6,1],"2":[5,1],"3":[4,7],"4":[3,1],"5":[2,5],"6":[2,3],"7":[2,1],"8":[3,4],"9":[2,1]},"f":{"1":48,"2":7,"3":11,"4":10,"5":7},"fnMap":{"1":{"name":"constructor","line":20,"loc":{"start":{"line":20,"column":4},"end":{"line":22,"column":4}}},"2":{"name":"mintBatchToken","line":27,"loc":{"start":{"line":27,"column":4},"end":{"line":35,"column":4}}},"3":{"name":"forgeTokens","line":48,"loc":{"start":{"line":48,"column":4},"end":{"line":84,"column":4}}},"4":{"name":"_burnAndMint","line":86,"loc":{"start":{"line":86,"column":4},"end":{"line":94,"column":4}}},"5":{"name":"tradeTokens","line":102,"loc":{"start":{"line":102,"column":4},"end":{"line":108,"column":4}}}},"statementMap":{"1":{"start":{"line":28,"column":8},"end":{"line":28,"column":90}},"2":{"start":{"line":29,"column":8},"end":{"line":29,"column":884}},"3":{"start":{"line":34,"column":8},"end":{"line":34,"column":54}},"4":{"start":{"line":49,"column":8},"end":{"line":49,"column":43}},"5":{"start":{"line":50,"column":8},"end":{"line":50,"column":1692}},"6":{"start":{"line":52,"column":12},"end":{"line":52,"column":45}},"7":{"start":{"line":58,"column":8},"end":{"line":58,"column":1906}},"8":{"start":{"line":59,"column":12},"end":{"line":59,"column":1974}},"9":{"start":{"line":61,"column":12},"end":{"line":61,"column":59}},"10":{"start":{"line":64,"column":16},"end":{"line":64,"column":63}},"11":{"start":{"line":67,"column":12},"end":{"line":67,"column":2244}},"12":{"start":{"line":69,"column":16},"end":{"line":69,"column":63}},"13":{"start":{"line":71,"column":17},"end":{"line":71,"column":2407}},"14":{"start":{"line":73,"column":16},"end":{"line":73,"column":63}},"15":{"start":{"line":75,"column":17},"end":{"line":75,"column":2570}},"16":{"start":{"line":77,"column":16},"end":{"line":77,"column":63}},"17":{"start":{"line":81,"column":16},"end":{"line":81,"column":56}},"18":{"start":{"line":92,"column":8},"end":{"line":92,"column":60}},"19":{"start":{"line":93,"column":8},"end":{"line":93,"column":58}},"20":{"start":{"line":103,"column":8},"end":{"line":103,"column":3443}},"21":{"start":{"line":104,"column":12},"end":{"line":104,"column":67}},"22":{"start":{"line":106,"column":8},"end":{"line":106,"column":62}},"23":{"start":{"line":107,"column":8},"end":{"line":107,"column":65}}},"branchMap":{"1":{"line":28,"type":"if","locations":[{"start":{"line":28,"column":8},"end":{"line":28,"column":8}},{"start":{"line":28,"column":8},"end":{"line":28,"column":8}}]},"2":{"line":29,"type":"if","locations":[{"start":{"line":29,"column":8},"end":{"line":29,"column":8}},{"start":{"line":29,"column":8},"end":{"line":29,"column":8}}]},"3":{"line":58,"type":"if","locations":[{"start":{"line":58,"column":8},"end":{"line":58,"column":8}},{"start":{"line":58,"column":8},"end":{"line":58,"column":8}}]},"4":{"line":59,"type":"if","locations":[{"start":{"line":59,"column":12},"end":{"line":59,"column":12}},{"start":{"line":59,"column":12},"end":{"line":59,"column":12}}]},"5":{"line":67,"type":"if","locations":[{"start":{"line":67,"column":12},"end":{"line":67,"column":12}},{"start":{"line":67,"column":12},"end":{"line":67,"column":12}}]},"6":{"line":71,"type":"if","locations":[{"start":{"line":71,"column":17},"end":{"line":71,"column":17}},{"start":{"line":71,"column":17},"end":{"line":71,"column":17}}]},"7":{"line":75,"type":"if","locations":[{"start":{"line":75,"column":17},"end":{"line":75,"column":17}},{"start":{"line":75,"column":17},"end":{"line":75,"column":17}}]},"8":{"line":103,"type":"if","locations":[{"start":{"line":103,"column":8},"end":{"line":103,"column":8}},{"start":{"line":103,"column":8},"end":{"line":103,"column":8}}]},"9":{"line":103,"type":"cond-expr","locations":[{"start":{"line":103,"column":11},"end":{"line":103,"column":26}},{"start":{"line":103,"column":31},"end":{"line":103,"column":49}}]}}},"contracts/MultiToken.sol":{"l":{"33":37,"34":33,"45":2,"49":1,"54":8,"55":8,"56":8,"61":13,"66":5,"71":11,"76":4},"path":"/home/santiagotrujilloz/Metana/Week3/erc1155-multitoken/contracts/MultiToken.sol","s":{"1":37,"2":1,"3":8,"4":8,"5":13,"6":5,"7":11,"8":4},"b":{"1":[33,4],"2":[2,1],"3":[8,1],"4":[8,0],"5":[13,1],"6":[5,1],"7":[11,1],"8":[4,1]},"f":{"1":48,"2":37,"3":2,"4":1,"5":8,"6":13,"7":5,"8":11,"9":4},"fnMap":{"1":{"name":"constructor","line":23,"loc":{"start":{"line":23,"column":4},"end":{"line":24,"column":4}}},"2":{"name":"onlyMinter","line":32,"loc":{"start":{"line":32,"column":4},"end":{"line":35,"column":4}}},"3":{"name":"setURI","line":44,"loc":{"start":{"line":44,"column":4},"end":{"line":46,"column":4}}},"4":{"name":"uri","line":48,"loc":{"start":{"line":48,"column":4},"end":{"line":50,"column":4}}},"5":{"name":"setMinter","line":53,"loc":{"start":{"line":53,"column":4},"end":{"line":57,"column":4}}},"6":{"name":"mint","line":60,"loc":{"start":{"line":60,"column":4},"end":{"line":62,"column":4}}},"7":{"name":"mintBatch","line":65,"loc":{"start":{"line":65,"column":4},"end":{"line":67,"column":4}}},"8":{"name":"burnBatch","line":70,"loc":{"start":{"line":70,"column":4},"end":{"line":72,"column":4}}},"9":{"name":"burn","line":75,"loc":{"start":{"line":75,"column":4},"end":{"line":77,"column":4}}}},"statementMap":{"1":{"start":{"line":33,"column":8},"end":{"line":33,"column":74}},"2":{"start":{"line":49,"column":8},"end":{"line":49,"column":78}},"3":{"start":{"line":54,"column":8},"end":{"line":54,"column":82}},"4":{"start":{"line":56,"column":8},"end":{"line":56,"column":31}},"5":{"start":{"line":61,"column":8},"end":{"line":61,"column":36}},"6":{"start":{"line":66,"column":8},"end":{"line":66,"column":43}},"7":{"start":{"line":71,"column":8},"end":{"line":71,"column":40}},"8":{"start":{"line":76,"column":8},"end":{"line":76,"column":33}}},"branchMap":{"1":{"line":33,"type":"if","locations":[{"start":{"line":33,"column":8},"end":{"line":33,"column":8}},{"start":{"line":33,"column":8},"end":{"line":33,"column":8}}]},"2":{"line":44,"type":"if","locations":[{"start":{"line":44,"column":67},"end":{"line":44,"column":67}},{"start":{"line":44,"column":67},"end":{"line":44,"column":67}}]},"3":{"line":53,"type":"if","locations":[{"start":{"line":53,"column":49},"end":{"line":53,"column":49}},{"start":{"line":53,"column":49},"end":{"line":53,"column":49}}]},"4":{"line":54,"type":"if","locations":[{"start":{"line":54,"column":8},"end":{"line":54,"column":8}},{"start":{"line":54,"column":8},"end":{"line":54,"column":8}}]},"5":{"line":60,"type":"if","locations":[{"start":{"line":60,"column":72},"end":{"line":60,"column":72}},{"start":{"line":60,"column":72},"end":{"line":60,"column":72}}]},"6":{"line":65,"type":"if","locations":[{"start":{"line":65,"column":97},"end":{"line":65,"column":97}},{"start":{"line":65,"column":97},"end":{"line":65,"column":97}}]},"7":{"line":70,"type":"if","locations":[{"start":{"line":70,"column":92},"end":{"line":70,"column":92}},{"start":{"line":70,"column":92},"end":{"line":70,"column":92}}]},"8":{"line":75,"type":"if","locations":[{"start":{"line":75,"column":66},"end":{"line":75,"column":66}},{"start":{"line":75,"column":66},"end":{"line":75,"column":66}}]}}}}